<?xml version="1.0" encoding="UTF-8"?>
<!-- Generated by org.testng.reporters.JUnitReportReporter -->
<testsuite hostname="LAPTOP-OEMRCI15" failures="0" tests="1" name="com.nopcommerce.tests.SearchTest" time="17.571" errors="0" timestamp="2025-09-08T19:04:13 IST" skipped="0">
  <testcase classname="com.nopcommerce.tests.SearchTest" name="searchExistingProduct" time="17.571"/>
</testsuite> <!-- com.nopcommerce.tests.SearchTest -->
